<?xml version="1.0" encoding="UTF-8"?>
<coverage generated="1769871483021" clover="3.2.0">
  <project timestamp="1769871483021" name="All files">
    <metrics statements="51" coveredstatements="44" conditionals="20" coveredconditionals="16" methods="24" coveredmethods="19" elements="95" coveredelements="79" complexity="0" loc="51" ncloc="51" packages="3" files="7" classes="7"/>
    <package name="components.ui">
      <metrics statements="40" coveredstatements="36" conditionals="20" coveredconditionals="16" methods="17" coveredmethods="15"/>
      <file name="button.tsx" path="C:\Users\fang\Desktop\blog\packages\web\src\components\ui\button.tsx">
        <metrics statements="3" coveredstatements="3" conditionals="10" coveredconditionals="8" methods="1" coveredmethods="1"/>
        <line num="8" count="1" type="stmt"/>
        <line num="53" count="4" type="cond" truecount="1" falsecount="1"/>
        <line num="55" count="4" type="stmt"/>
      </file>
      <file name="card.tsx" path="C:\Users\fang\Desktop\blog\packages\web\src\components\ui\card.tsx">
        <metrics statements="7" coveredstatements="6" conditionals="0" coveredconditionals="0" methods="7" coveredmethods="6"/>
        <line num="6" count="4" type="stmt"/>
        <line num="19" count="4" type="stmt"/>
        <line num="32" count="4" type="stmt"/>
        <line num="42" count="4" type="stmt"/>
        <line num="52" count="0" type="stmt"/>
        <line num="65" count="4" type="stmt"/>
        <line num="75" count="4" type="stmt"/>
      </file>
      <file name="form.tsx" path="C:\Users\fang\Desktop\blog\packages\web\src\components\ui\form.tsx">
        <metrics statements="28" coveredstatements="25" conditionals="10" coveredconditionals="8" methods="7" coveredmethods="6"/>
        <line num="19" count="1" type="stmt"/>
        <line num="28" count="1" type="stmt"/>
        <line num="32" count="1" type="stmt"/>
        <line num="38" count="8" type="stmt"/>
        <line num="45" count="1" type="stmt"/>
        <line num="46" count="30" type="stmt"/>
        <line num="47" count="30" type="stmt"/>
        <line num="48" count="30" type="stmt"/>
        <line num="49" count="30" type="stmt"/>
        <line num="50" count="30" type="stmt"/>
        <line num="52" count="30" type="cond" truecount="1" falsecount="1"/>
        <line num="53" count="0" type="stmt"/>
        <line num="56" count="30" type="stmt"/>
        <line num="58" count="30" type="stmt"/>
        <line num="72" count="1" type="stmt"/>
        <line num="77" count="8" type="stmt"/>
        <line num="79" count="8" type="stmt"/>
        <line num="94" count="10" type="stmt"/>
        <line num="96" count="10" type="stmt"/>
        <line num="109" count="10" type="stmt"/>
        <line num="111" count="10" type="stmt"/>
        <line num="127" count="0" type="stmt"/>
        <line num="129" count="0" type="stmt"/>
        <line num="140" count="10" type="stmt"/>
        <line num="141" count="10" type="cond" truecount="3" falsecount="1"/>
        <line num="143" count="10" type="cond" truecount="2" falsecount="0"/>
        <line num="144" count="8" type="stmt"/>
        <line num="147" count="2" type="stmt"/>
      </file>
      <file name="input.tsx" path="C:\Users\fang\Desktop\blog\packages\web\src\components\ui\input.tsx">
        <metrics statements="1" coveredstatements="1" conditionals="0" coveredconditionals="0" methods="1" coveredmethods="1"/>
        <line num="6" count="10" type="stmt"/>
      </file>
      <file name="label.tsx" path="C:\Users\fang\Desktop\blog\packages\web\src\components\ui\label.tsx">
        <metrics statements="1" coveredstatements="1" conditionals="0" coveredconditionals="0" methods="1" coveredmethods="1"/>
        <line num="10" count="10" type="stmt"/>
      </file>
    </package>
    <package name="features.auth.components">
      <metrics statements="10" coveredstatements="7" conditionals="0" coveredconditionals="0" methods="6" coveredmethods="3"/>
      <file name="login-form.tsx" path="C:\Users\fang\Desktop\blog\packages\web\src\features\auth\components\login-form.tsx">
        <metrics statements="10" coveredstatements="7" conditionals="0" coveredconditionals="0" methods="6" coveredmethods="3"/>
        <line num="27" count="1" type="stmt"/>
        <line num="28" count="4" type="stmt"/>
        <line num="29" count="4" type="stmt"/>
        <line num="30" count="4" type="stmt"/>
        <line num="39" count="0" type="stmt"/>
        <line num="41" count="0" type="stmt"/>
        <line num="42" count="0" type="stmt"/>
        <line num="48" count="4" type="stmt"/>
        <line num="64" count="4" type="stmt"/>
        <line num="77" count="4" type="stmt"/>
      </file>
    </package>
    <package name="lib">
      <metrics statements="1" coveredstatements="1" conditionals="0" coveredconditionals="0" methods="1" coveredmethods="1"/>
      <file name="utils.ts" path="C:\Users\fang\Desktop\blog\packages\web\src\lib\utils.ts">
        <metrics statements="1" coveredstatements="1" conditionals="0" coveredconditionals="0" methods="1" coveredmethods="1"/>
        <line num="5" count="58" type="stmt"/>
      </file>
    </package>
  </project>
</coverage>
