{"C:\\Users\\fang\\Desktop\\blog\\packages\\web\\src\\components\\ui\\button.tsx": {"path":"C:\\Users\\fang\\Desktop\\blog\\packages\\web\\src\\components\\ui\\button.tsx","statementMap":{"0":{"start":{"line":8,"column":6},"end":{"line":38,"column":null}},"1":{"start":{"line":53,"column":15},"end":{"line":53,"column":null}},"2":{"start":{"line":55,"column":2},"end":{"line":66,"column":null}}},"fnMap":{"0":{"name":"Button","decl":{"start":{"line":40,"column":9},"end":{"line":40,"column":16}},"loc":{"start":{"line":52,"column":5},"end":{"line":68,"column":null}},"line":52}},"branchMap":{"0":{"loc":{"start":{"line":42,"column":2},"end":{"line":42,"column":null}},"type":"default-arg","locations":[{"start":{"line":42,"column":12},"end":{"line":42,"column":null}}],"line":42},"1":{"loc":{"start":{"line":43,"column":2},"end":{"line":43,"column":null}},"type":"default-arg","locations":[{"start":{"line":43,"column":9},"end":{"line":43,"column":null}}],"line":43},"2":{"loc":{"start":{"line":44,"column":2},"end":{"line":44,"column":null}},"type":"default-arg","locations":[{"start":{"line":44,"column":12},"end":{"line":44,"column":null}}],"line":44},"3":{"loc":{"start":{"line":45,"column":2},"end":{"line":45,"column":null}},"type":"default-arg","locations":[{"start":{"line":45,"column":12},"end":{"line":45,"column":null}}],"line":45},"4":{"loc":{"start":{"line":53,"column":15},"end":{"line":53,"column":null}},"type":"cond-expr","locations":[{"start":{"line":53,"column":25},"end":{"line":53,"column":32}},{"start":{"line":53,"column":32},"end":{"line":53,"column":null}}],"line":53},"5":{"loc":{"start":{"line":60,"column":16},"end":{"line":60,"column":null}},"type":"binary-expr","locations":[{"start":{"line":60,"column":16},"end":{"line":60,"column":34}},{"start":{"line":60,"column":34},"end":{"line":60,"column":null}}],"line":60},"6":{"loc":{"start":{"line":64,"column":7},"end":{"line":64,"column":null}},"type":"binary-expr","locations":[{"start":{"line":64,"column":7},"end":{"line":64,"column":18}},{"start":{"line":64,"column":18},"end":{"line":64,"column":null}}],"line":64}},"s":{"0":1,"1":4,"2":4},"f":{"0":4},"b":{"0":[4],"1":[4],"2":[4],"3":[4],"4":[0,4],"5":[4,4],"6":[4,0]},"meta":{"lastBranch":7,"lastFunction":1,"lastStatement":3,"seen":{"s:8:6:38:Infinity":0,"f:40:9:40:16":0,"b:42:12:42:Infinity":0,"b:43:9:43:Infinity":1,"b:44:12:44:Infinity":2,"b:45:12:45:Infinity":3,"s:53:15:53:Infinity":1,"b:53:25:53:32:53:32:53:Infinity":4,"s:55:2:66:Infinity":2,"b:60:16:60:34:60:34:60:Infinity":5,"b:64:7:64:18:64:18:64:Infinity":6}}}
,"C:\\Users\\fang\\Desktop\\blog\\packages\\web\\src\\components\\ui\\card.tsx": {"path":"C:\\Users\\fang\\Desktop\\blog\\packages\\web\\src\\components\\ui\\card.tsx","statementMap":{"0":{"start":{"line":6,"column":2},"end":{"line":14,"column":null}},"1":{"start":{"line":19,"column":2},"end":{"line":27,"column":null}},"2":{"start":{"line":32,"column":2},"end":{"line":37,"column":null}},"3":{"start":{"line":42,"column":2},"end":{"line":47,"column":null}},"4":{"start":{"line":52,"column":2},"end":{"line":60,"column":null}},"5":{"start":{"line":65,"column":2},"end":{"line":70,"column":null}},"6":{"start":{"line":75,"column":2},"end":{"line":80,"column":null}}},"fnMap":{"0":{"name":"Card","decl":{"start":{"line":5,"column":9},"end":{"line":5,"column":14}},"loc":{"start":{"line":5,"column":68},"end":{"line":16,"column":null}},"line":5},"1":{"name":"CardHeader","decl":{"start":{"line":18,"column":9},"end":{"line":18,"column":20}},"loc":{"start":{"line":18,"column":74},"end":{"line":29,"column":null}},"line":18},"2":{"name":"CardTitle","decl":{"start":{"line":31,"column":9},"end":{"line":31,"column":19}},"loc":{"start":{"line":31,"column":73},"end":{"line":39,"column":null}},"line":31},"3":{"name":"CardDescription","decl":{"start":{"line":41,"column":9},"end":{"line":41,"column":25}},"loc":{"start":{"line":41,"column":79},"end":{"line":49,"column":null}},"line":41},"4":{"name":"CardAction","decl":{"start":{"line":51,"column":9},"end":{"line":51,"column":20}},"loc":{"start":{"line":51,"column":74},"end":{"line":62,"column":null}},"line":51},"5":{"name":"CardContent","decl":{"start":{"line":64,"column":9},"end":{"line":64,"column":21}},"loc":{"start":{"line":64,"column":75},"end":{"line":72,"column":null}},"line":64},"6":{"name":"CardFooter","decl":{"start":{"line":74,"column":9},"end":{"line":74,"column":20}},"loc":{"start":{"line":74,"column":74},"end":{"line":82,"column":null}},"line":74}},"branchMap":{},"s":{"0":4,"1":4,"2":4,"3":4,"4":0,"5":4,"6":4},"f":{"0":4,"1":4,"2":4,"3":4,"4":0,"5":4,"6":4},"b":{},"meta":{"lastBranch":0,"lastFunction":7,"lastStatement":7,"seen":{"f:5:9:5:14":0,"s:6:2:14:Infinity":0,"f:18:9:18:20":1,"s:19:2:27:Infinity":1,"f:31:9:31:19":2,"s:32:2:37:Infinity":2,"f:41:9:41:25":3,"s:42:2:47:Infinity":3,"f:51:9:51:20":4,"s:52:2:60:Infinity":4,"f:64:9:64:21":5,"s:65:2:70:Infinity":5,"f:74:9:74:20":6,"s:75:2:80:Infinity":6}}}
,"C:\\Users\\fang\\Desktop\\blog\\packages\\web\\src\\components\\ui\\form.tsx": {"path":"C:\\Users\\fang\\Desktop\\blog\\packages\\web\\src\\components\\ui\\form.tsx","statementMap":{"0":{"start":{"line":19,"column":13},"end":{"line":19,"column":null}},"1":{"start":{"line":28,"column":25},"end":{"line":30,"column":null}},"2":{"start":{"line":32,"column":18},"end":{"line":43,"column":null}},"3":{"start":{"line":38,"column":2},"end":{"line":41,"column":null}},"4":{"start":{"line":45,"column":21},"end":{"line":66,"column":null}},"5":{"start":{"line":46,"column":23},"end":{"line":46,"column":null}},"6":{"start":{"line":47,"column":22},"end":{"line":47,"column":null}},"7":{"start":{"line":48,"column":24},"end":{"line":48,"column":null}},"8":{"start":{"line":49,"column":8},"end":{"line":49,"column":null}},"9":{"start":{"line":50,"column":21},"end":{"line":50,"column":null}},"10":{"start":{"line":52,"column":2},"end":{"line":54,"column":null}},"11":{"start":{"line":53,"column":4},"end":{"line":53,"column":null}},"12":{"start":{"line":56,"column":17},"end":{"line":56,"column":null}},"13":{"start":{"line":58,"column":2},"end":{"line":65,"column":null}},"14":{"start":{"line":72,"column":24},"end":{"line":74,"column":null}},"15":{"start":{"line":77,"column":13},"end":{"line":77,"column":null}},"16":{"start":{"line":79,"column":2},"end":{"line":86,"column":null}},"17":{"start":{"line":94,"column":32},"end":{"line":94,"column":null}},"18":{"start":{"line":96,"column":2},"end":{"line":103,"column":null}},"19":{"start":{"line":109,"column":4},"end":{"line":109,"column":null}},"20":{"start":{"line":111,"column":2},"end":{"line":122,"column":null}},"21":{"start":{"line":127,"column":32},"end":{"line":127,"column":null}},"22":{"start":{"line":129,"column":2},"end":{"line":135,"column":null}},"23":{"start":{"line":140,"column":35},"end":{"line":140,"column":null}},"24":{"start":{"line":141,"column":15},"end":{"line":141,"column":null}},"25":{"start":{"line":143,"column":2},"end":{"line":145,"column":null}},"26":{"start":{"line":144,"column":4},"end":{"line":144,"column":null}},"27":{"start":{"line":147,"column":2},"end":{"line":155,"column":null}}},"fnMap":{"0":{"name":"(anonymous_0)","decl":{"start":{"line":32,"column":18},"end":{"line":32,"column":null}},"loc":{"start":{"line":37,"column":44},"end":{"line":43,"column":null}},"line":37},"1":{"name":"(anonymous_1)","decl":{"start":{"line":45,"column":21},"end":{"line":45,"column":27}},"loc":{"start":{"line":45,"column":27},"end":{"line":66,"column":null}},"line":45},"2":{"name":"FormItem","decl":{"start":{"line":76,"column":9},"end":{"line":76,"column":18}},"loc":{"start":{"line":76,"column":72},"end":{"line":88,"column":null}},"line":76},"3":{"name":"FormLabel","decl":{"start":{"line":90,"column":9},"end":{"line":90,"column":19}},"loc":{"start":{"line":93,"column":53},"end":{"line":105,"column":null}},"line":93},"4":{"name":"FormControl","decl":{"start":{"line":107,"column":9},"end":{"line":107,"column":21}},"loc":{"start":{"line":107,"column":70},"end":{"line":124,"column":null}},"line":107},"5":{"name":"FormDescription","decl":{"start":{"line":126,"column":9},"end":{"line":126,"column":25}},"loc":{"start":{"line":126,"column":77},"end":{"line":137,"column":null}},"line":126},"6":{"name":"FormMessage","decl":{"start":{"line":139,"column":9},"end":{"line":139,"column":21}},"loc":{"start":{"line":139,"column":73},"end":{"line":157,"column":null}},"line":139}},"branchMap":{"0":{"loc":{"start":{"line":52,"column":2},"end":{"line":54,"column":null}},"type":"if","locations":[{"start":{"line":52,"column":2},"end":{"line":54,"column":null}},{"start":{},"end":{}}],"line":52},"1":{"loc":{"start":{"line":116,"column":8},"end":{"line":118,"column":null}},"type":"cond-expr","locations":[{"start":{"line":117,"column":12},"end":{"line":117,"column":null}},{"start":{"line":118,"column":12},"end":{"line":118,"column":null}}],"line":116},"2":{"loc":{"start":{"line":141,"column":15},"end":{"line":141,"column":null}},"type":"cond-expr","locations":[{"start":{"line":141,"column":23},"end":{"line":141,"column":54}},{"start":{"line":141,"column":54},"end":{"line":141,"column":null}}],"line":141},"3":{"loc":{"start":{"line":141,"column":30},"end":{"line":141,"column":50}},"type":"binary-expr","locations":[{"start":{"line":141,"column":30},"end":{"line":141,"column":48}},{"start":{"line":141,"column":48},"end":{"line":141,"column":50}}],"line":141},"4":{"loc":{"start":{"line":143,"column":2},"end":{"line":145,"column":null}},"type":"if","locations":[{"start":{"line":143,"column":2},"end":{"line":145,"column":null}},{"start":{},"end":{}}],"line":143}},"s":{"0":1,"1":1,"2":1,"3":8,"4":1,"5":30,"6":30,"7":30,"8":30,"9":30,"10":30,"11":0,"12":30,"13":30,"14":1,"15":8,"16":8,"17":10,"18":10,"19":10,"20":10,"21":0,"22":0,"23":10,"24":10,"25":10,"26":8,"27":2},"f":{"0":8,"1":30,"2":8,"3":10,"4":10,"5":0,"6":10},"b":{"0":[0,30],"1":[8,2],"2":[2,8],"3":[2,0],"4":[8,2]},"meta":{"lastBranch":5,"lastFunction":7,"lastStatement":28,"seen":{"s:19:13:19:Infinity":0,"s:28:25:30:Infinity":1,"s:32:18:43:Infinity":2,"f:32:18:32:Infinity":0,"s:38:2:41:Infinity":3,"s:45:21:66:Infinity":4,"f:45:21:45:27":1,"s:46:23:46:Infinity":5,"s:47:22:47:Infinity":6,"s:48:24:48:Infinity":7,"s:49:8:49:Infinity":8,"s:50:21:50:Infinity":9,"b:52:2:54:Infinity:undefined:undefined:undefined:undefined":0,"s:52:2:54:Infinity":10,"s:53:4:53:Infinity":11,"s:56:17:56:Infinity":12,"s:58:2:65:Infinity":13,"s:72:24:74:Infinity":14,"f:76:9:76:18":2,"s:77:13:77:Infinity":15,"s:79:2:86:Infinity":16,"f:90:9:90:19":3,"s:94:32:94:Infinity":17,"s:96:2:103:Infinity":18,"f:107:9:107:21":4,"s:109:4:109:Infinity":19,"s:111:2:122:Infinity":20,"b:117:12:117:Infinity:118:12:118:Infinity":1,"f:126:9:126:25":5,"s:127:32:127:Infinity":21,"s:129:2:135:Infinity":22,"f:139:9:139:21":6,"s:140:35:140:Infinity":23,"s:141:15:141:Infinity":24,"b:141:23:141:54:141:54:141:Infinity":2,"b:141:30:141:48:141:48:141:50":3,"b:143:2:145:Infinity:undefined:undefined:undefined:undefined":4,"s:143:2:145:Infinity":25,"s:144:4:144:Infinity":26,"s:147:2:155:Infinity":27}}}
,"C:\\Users\\fang\\Desktop\\blog\\packages\\web\\src\\components\\ui\\input.tsx": {"path":"C:\\Users\\fang\\Desktop\\blog\\packages\\web\\src\\components\\ui\\input.tsx","statementMap":{"0":{"start":{"line":6,"column":2},"end":{"line":17,"column":null}}},"fnMap":{"0":{"name":"Input","decl":{"start":{"line":5,"column":9},"end":{"line":5,"column":15}},"loc":{"start":{"line":5,"column":77},"end":{"line":19,"column":null}},"line":5}},"branchMap":{},"s":{"0":10},"f":{"0":10},"b":{},"meta":{"lastBranch":0,"lastFunction":1,"lastStatement":1,"seen":{"f:5:9:5:15":0,"s:6:2:17:Infinity":0}}}
,"C:\\Users\\fang\\Desktop\\blog\\packages\\web\\src\\components\\ui\\label.tsx": {"path":"C:\\Users\\fang\\Desktop\\blog\\packages\\web\\src\\components\\ui\\label.tsx","statementMap":{"0":{"start":{"line":10,"column":2},"end":{"line":18,"column":null}}},"fnMap":{"0":{"name":"Label","decl":{"start":{"line":6,"column":9},"end":{"line":6,"column":15}},"loc":{"start":{"line":9,"column":53},"end":{"line":20,"column":null}},"line":9}},"branchMap":{},"s":{"0":10},"f":{"0":10},"b":{},"meta":{"lastBranch":0,"lastFunction":1,"lastStatement":1,"seen":{"f:6:9:6:15":0,"s:10:2:18:Infinity":0}}}
,"C:\\Users\\fang\\Desktop\\blog\\packages\\web\\src\\features\\auth\\components\\login-form.tsx": {"path":"C:\\Users\\fang\\Desktop\\blog\\packages\\web\\src\\features\\auth\\components\\login-form.tsx","statementMap":{"0":{"start":{"line":27,"column":18},"end":{"line":122,"column":null}},"1":{"start":{"line":28,"column":8},"end":{"line":28,"column":null}},"2":{"start":{"line":29,"column":28},"end":{"line":29,"column":null}},"3":{"start":{"line":30,"column":8},"end":{"line":36,"column":null}},"4":{"start":{"line":39,"column":4},"end":{"line":45,"column":null}},"5":{"start":{"line":41,"column":8},"end":{"line":43,"column":null}},"6":{"start":{"line":42,"column":10},"end":{"line":42,"column":null}},"7":{"start":{"line":48,"column":2},"end":{"line":120,"column":null}},"8":{"start":{"line":64,"column":16},"end":{"line":70,"column":null}},"9":{"start":{"line":77,"column":16},"end":{"line":95,"column":null}}},"fnMap":{"0":{"name":"(anonymous_0)","decl":{"start":{"line":27,"column":18},"end":{"line":27,"column":24}},"loc":{"start":{"line":27,"column":24},"end":{"line":122,"column":null}},"line":27},"1":{"name":"onSubmit","decl":{"start":{"line":38,"column":11},"end":{"line":38,"column":20}},"loc":{"start":{"line":38,"column":57},"end":{"line":46,"column":null}},"line":38},"2":{"name":"(anonymous_2)","decl":{"start":{"line":40,"column":17},"end":{"line":40,"column":23}},"loc":{"start":{"line":40,"column":23},"end":{"line":44,"column":null}},"line":40},"3":{"name":"(anonymous_3)","decl":{"start":{"line":41,"column":19},"end":{"line":41,"column":25}},"loc":{"start":{"line":41,"column":25},"end":{"line":43,"column":11}},"line":41},"4":{"name":"(anonymous_4)","decl":{"start":{"line":63,"column":22},"end":{"line":63,"column":23}},"loc":{"start":{"line":64,"column":16},"end":{"line":70,"column":null}},"line":64},"5":{"name":"(anonymous_5)","decl":{"start":{"line":76,"column":22},"end":{"line":76,"column":23}},"loc":{"start":{"line":77,"column":16},"end":{"line":95,"column":null}},"line":77}},"branchMap":{},"s":{"0":1,"1":4,"2":4,"3":4,"4":0,"5":0,"6":0,"7":4,"8":4,"9":4},"f":{"0":4,"1":0,"2":0,"3":0,"4":4,"5":4},"b":{},"meta":{"lastBranch":0,"lastFunction":6,"lastStatement":10,"seen":{"s:27:18:122:Infinity":0,"f:27:18:27:24":0,"s:28:8:28:Infinity":1,"s:29:28:29:Infinity":2,"s:30:8:36:Infinity":3,"f:38:11:38:20":1,"s:39:4:45:Infinity":4,"f:40:17:40:23":2,"s:41:8:43:Infinity":5,"f:41:19:41:25":3,"s:42:10:42:Infinity":6,"s:48:2:120:Infinity":7,"f:63:22:63:23":4,"s:64:16:70:Infinity":8,"f:76:22:76:23":5,"s:77:16:95:Infinity":9}}}
,"C:\\Users\\fang\\Desktop\\blog\\packages\\web\\src\\lib\\utils.ts": {"path":"C:\\Users\\fang\\Desktop\\blog\\packages\\web\\src\\lib\\utils.ts","statementMap":{"0":{"start":{"line":5,"column":2},"end":{"line":5,"column":null}}},"fnMap":{"0":{"name":"cn","decl":{"start":{"line":4,"column":16},"end":{"line":4,"column":22}},"loc":{"start":{"line":4,"column":44},"end":{"line":6,"column":null}},"line":4}},"branchMap":{},"s":{"0":58},"f":{"0":58},"b":{},"meta":{"lastBranch":0,"lastFunction":1,"lastStatement":1,"seen":{"f:4:16:4:22":0,"s:5:2:5:Infinity":0}}}
}
